<?xml version="1.0" encoding="UTF-8"?>
<testng-results ignored="0" total="2" passed="2" failed="0" skipped="0">
  <reporter-output>
  </reporter-output>
  <suite started-at="2021-10-20T20:55:11 MSK" name="firstTests" finished-at="2021-10-20T20:55:22 MSK" duration-ms="11437">
    <groups>
    </groups>
    <test started-at="2021-10-20T20:55:11 MSK" name="allFirstTest" finished-at="2021-10-20T20:55:22 MSK" duration-ms="11437">
      <class name="SelenideFirstTest">
        <test-method signature="googleTest()[pri:0, instance:SelenideFirstTest@545f80bf]" started-at="2021-10-20T20:55:11 MSK" name="googleTest" finished-at="2021-10-20T20:55:17 MSK" duration-ms="5452" status="PASS">
          <reporter-output>
          </reporter-output>
        </test-method> <!-- googleTest -->
        <test-method signature="userCanLoginByUsername()[pri:0, instance:SelenideFirstTest@545f80bf]" started-at="2021-10-20T20:55:17 MSK" name="userCanLoginByUsername" finished-at="2021-10-20T20:55:22 MSK" duration-ms="5817" status="PASS">
          <reporter-output>
          </reporter-output>
        </test-method> <!-- userCanLoginByUsername -->
      </class> <!-- SelenideFirstTest -->
    </test> <!-- allFirstTest -->
  </suite> <!-- firstTests -->
</testng-results>
